0 verbose cli /usr/local/share/nvm/versions/node/v20.15.1/bin/node /usr/local/share/nvm/versions/node/v20.15.1/bin/npm
1 info using npm@10.7.0
2 info using node@v20.15.1
3 silly config:load:file:/usr/local/share/nvm/versions/node/v20.15.1/lib/node_modules/npm/npmrc
4 silly config:load:file:/root/.npmrc
5 silly config:load:file:/usr/local/share/nvm/versions/node/v20.15.1/etc/npmrc
6 verbose title npm install pnpm
7 verbose argv "install" "--global" "pnpm"
8 verbose logfile logs-max:10 dir:/root/.npm/_logs/2024-07-11T16_12_15_125Z-
9 verbose logfile /root/.npm/_logs/2024-07-11T16_12_15_125Z-debug-0.log
10 silly logfile done cleaning log files
11 silly idealTree buildDeps
12 silly fetch manifest pnpm@*
13 http fetch GET 200 https://registry.npmjs.org/npm 131ms
14 http fetch GET 200 https://registry.npmjs.org/pnpm 219ms (cache miss)
15 silly placeDep ROOT pnpm@9.5.0 OK for:  want: *
16 silly reify moves {}
17 silly tarball no local data for pnpm@https://registry.npmjs.org/pnpm/-/pnpm-9.5.0.tgz. Extracting by manifest.
18 http fetch GET 200 https://registry.npmjs.org/pnpm/-/pnpm-9.5.0.tgz 410ms (cache miss)
19 silly ADD node_modules/pnpm
20 notice
20 notice New minor version of npm available! 10.7.0 -> 10.8.2
20 notice Changelog: https://github.com/npm/cli/releases/tag/v10.8.2
20 notice To update run: npm install -g npm@10.8.2
20 notice  { force: true, [Symbol(proc-log.meta)]: true }
21 verbose exit 0
22 info ok
